Arguments: 
  C:\Program Files\nodejs\node.exe C:\Users\GoldenStar\AppData\Roaming\npm\node_modules\yarn\bin\yarn.js add @openzeppellin/contracts

PATH: 
  C:\Users\GoldenStar\bin;C:\Program Files\Git\mingw64\bin;C:\Program Files\Git\usr\local\bin;C:\Program Files\Git\usr\bin;C:\Program Files\Git\usr\bin;C:\Program Files\Git\mingw64\bin;C:\Program Files\Git\usr\bin;C:\Users\GoldenStar\bin;C:\Program Files (x86)\Common Files\Oracle\Java\javapath;C:\Windows\system32;C:\Windows;C:\Windows\System32\Wbem;C:\Windows\System32\WindowsPowerShell\v1.0;C:\Windows\System32\OpenSSH;C:\Program Files\Git\cmd;C:\Program Files\Amazon\AWSCLIV2;C:\Program Files\PuTTY;E:\xampp\php;C:\ProgramData\ComposerSetup\bin;C:\Users\GoldenStar\AppData\Local\Yarn\bin;C:\Program Files\nodejs;C:\Android\sdk\tools\emulator;C:\Android\sdk\tools\platform-tools;C:\Android\sdk\tools\tools\bin;C:\Users\GoldenStar\AppData\Local\Microsoft\WindowsApps;C:\Users\GoldenStar\AppData\Roaming\Composer\vendor\bin;C:\Users\GoldenStar\AppData\Roaming\npm;C:\Users\GoldenStar\AppData\Local\Programs\Microsoft VS Code\bin;C:\Program Files\IPFS Desktop\resources\app.asar.unpacked\src\ipfs-on-path\scripts\bin-win;C:\Program Files\Git\usr\bin\vendor_perl;C:\Program Files\Git\usr\bin\core_perl

Yarn version: 
  1.22.11

Node version: 
  14.17.5

Platform: 
  win32 x64

Trace: 
  Error: https://registry.yarnpkg.com/@openzeppellin%2fcontracts: Not found
      at Request.params.callback [as _callback] (C:\Users\GoldenStar\AppData\Roaming\npm\node_modules\yarn\lib\cli.js:66992:18)
      at Request.self.callback (C:\Users\GoldenStar\AppData\Roaming\npm\node_modules\yarn\lib\cli.js:140763:22)
      at Request.emit (events.js:400:28)
      at Request.<anonymous> (C:\Users\GoldenStar\AppData\Roaming\npm\node_modules\yarn\lib\cli.js:141735:10)
      at Request.emit (events.js:400:28)
      at IncomingMessage.<anonymous> (C:\Users\GoldenStar\AppData\Roaming\npm\node_modules\yarn\lib\cli.js:141657:12)
      at Object.onceWrapper (events.js:519:28)
      at IncomingMessage.emit (events.js:412:35)
      at endReadableNT (internal/streams/readable.js:1317:12)
      at processTicksAndRejections (internal/process/task_queues.js:82:21)

npm manifest: 
  {
    "name": "my-nft",
    "version": "1.0.0",
    "description": "",
    "main": "index.js",
    "directories": {
      "test": "test"
    },
    "scripts": {
      "test": "echo \"Error: no test specified\" && exit 1"
    },
    "author": "",
    "license": "ISC"
  }

yarn manifest: 
  No manifest

Lockfile: 
  No lockfile
